{"/Users/ryu/Projects/private/viewer-for-slack/src/constants/ErrorMessage.ts": {"path":"/Users/ryu/Projects/private/viewer-for-slack/src/constants/ErrorMessage.ts","statementMap":{"0":{"start":{"line":1,"column":13},"end":{"line":4,"column":11}}},"fnMap":{},"branchMap":{},"s":{"0":2},"f":{},"b":{}}
,"/Users/ryu/Projects/private/viewer-for-slack/src/constants/TextType.ts": {"path":"/Users/ryu/Projects/private/viewer-for-slack/src/constants/TextType.ts","statementMap":{"0":{"start":{"line":4,"column":13},"end":{"line":9,"column":11}}},"fnMap":{},"branchMap":{},"s":{"0":1},"f":{},"b":{}}
,"/Users/ryu/Projects/private/viewer-for-slack/src/features/Blob.ts": {"path":"/Users/ryu/Projects/private/viewer-for-slack/src/features/Blob.ts","statementMap":{"0":{"start":{"line":1,"column":0},"end":{"line":1,"column":93}},"1":{"start":{"line":3,"column":0},"end":{"line":3,"column":40}},"2":{"start":{"line":4,"column":0},"end":{"line":4,"column":81}},"3":{"start":{"line":16,"column":23},"end":{"line":35,"column":1}},"4":{"start":{"line":23,"column":18},"end":{"line":28,"column":null}},"5":{"start":{"line":32,"column":19},"end":{"line":32,"column":59}},"6":{"start":{"line":34,"column":2},"end":{"line":34,"column":37}},"7":{"start":{"line":16,"column":13},"end":{"line":16,"column":23}}},"fnMap":{"0":{"name":"(anonymous_0)","decl":{"start":{"line":16,"column":23},"end":{"line":16,"column":28}},"loc":{"start":{"line":22,"column":30},"end":{"line":35,"column":1}}}},"branchMap":{},"s":{"0":1,"1":1,"2":1,"3":1,"4":1,"5":1,"6":1,"7":1},"f":{"0":1},"b":{}}
,"/Users/ryu/Projects/private/viewer-for-slack/src/features/Channel.ts": {"path":"/Users/ryu/Projects/private/viewer-for-slack/src/features/Channel.ts","statementMap":{"0":{"start":{"line":1,"column":0},"end":{"line":1,"column":111}},"1":{"start":{"line":3,"column":0},"end":{"line":3,"column":40}},"2":{"start":{"line":4,"column":0},"end":{"line":4,"column":81}},"3":{"start":{"line":13,"column":31},"end":{"line":28,"column":1}},"4":{"start":{"line":18,"column":18},"end":{"line":21,"column":null}},"5":{"start":{"line":25,"column":19},"end":{"line":25,"column":59}},"6":{"start":{"line":27,"column":2},"end":{"line":27,"column":46}},"7":{"start":{"line":13,"column":13},"end":{"line":13,"column":31}}},"fnMap":{"0":{"name":"(anonymous_0)","decl":{"start":{"line":13,"column":31},"end":{"line":13,"column":36}},"loc":{"start":{"line":17,"column":39},"end":{"line":28,"column":1}}}},"branchMap":{},"s":{"0":1,"1":1,"2":1,"3":1,"4":1,"5":1,"6":1,"7":1},"f":{"0":1},"b":{}}
,"/Users/ryu/Projects/private/viewer-for-slack/src/features/Credential.ts": {"path":"/Users/ryu/Projects/private/viewer-for-slack/src/features/Credential.ts","statementMap":{"0":{"start":{"line":1,"column":0},"end":{"line":1,"column":47}},"1":{"start":{"line":17,"column":31},"end":{"line":39,"column":1}},"2":{"start":{"line":28,"column":2},"end":{"line":38,"column":5}},"3":{"start":{"line":17,"column":13},"end":{"line":17,"column":31}},"4":{"start":{"line":46,"column":31},"end":{"line":48,"column":1}},"5":{"start":{"line":47,"column":2},"end":{"line":47,"column":42}},"6":{"start":{"line":46,"column":13},"end":{"line":46,"column":31}}},"fnMap":{"0":{"name":"(anonymous_0)","decl":{"start":{"line":17,"column":31},"end":{"line":17,"column":36}},"loc":{"start":{"line":27,"column":18},"end":{"line":39,"column":1}}},"1":{"name":"(anonymous_1)","decl":{"start":{"line":46,"column":31},"end":{"line":46,"column":36}},"loc":{"start":{"line":46,"column":42},"end":{"line":48,"column":1}}}},"branchMap":{},"s":{"0":1,"1":1,"2":1,"3":1,"4":1,"5":1,"6":1},"f":{"0":1,"1":1},"b":{}}
,"/Users/ryu/Projects/private/viewer-for-slack/src/features/InitializeUser.ts": {"path":"/Users/ryu/Projects/private/viewer-for-slack/src/features/InitializeUser.ts","statementMap":{"0":{"start":{"line":1,"column":0},"end":{"line":1,"column":107}},"1":{"start":{"line":2,"column":0},"end":{"line":2,"column":125}},"2":{"start":{"line":5,"column":0},"end":{"line":5,"column":40}},"3":{"start":{"line":6,"column":0},"end":{"line":6,"column":81}},"4":{"start":{"line":15,"column":33},"end":{"line":25,"column":1}},"5":{"start":{"line":19,"column":18},"end":{"line":19,"column":78}},"6":{"start":{"line":22,"column":19},"end":{"line":22,"column":59}},"7":{"start":{"line":24,"column":2},"end":{"line":24,"column":44}},"8":{"start":{"line":15,"column":13},"end":{"line":15,"column":33}},"9":{"start":{"line":37,"column":33},"end":{"line":56,"column":1}},"10":{"start":{"line":44,"column":18},"end":{"line":49,"column":null}},"11":{"start":{"line":53,"column":19},"end":{"line":53,"column":59}},"12":{"start":{"line":55,"column":2},"end":{"line":55,"column":53}},"13":{"start":{"line":37,"column":13},"end":{"line":37,"column":33}}},"fnMap":{"0":{"name":"(anonymous_0)","decl":{"start":{"line":15,"column":33},"end":{"line":15,"column":38}},"loc":{"start":{"line":18,"column":37},"end":{"line":25,"column":1}}},"1":{"name":"(anonymous_1)","decl":{"start":{"line":37,"column":33},"end":{"line":37,"column":38}},"loc":{"start":{"line":43,"column":46},"end":{"line":56,"column":1}}}},"branchMap":{},"s":{"0":2,"1":2,"2":2,"3":2,"4":2,"5":2,"6":2,"7":2,"8":2,"9":2,"10":2,"11":2,"12":2,"13":2},"f":{"0":2,"1":2},"b":{}}
,"/Users/ryu/Projects/private/viewer-for-slack/src/features/Login.ts": {"path":"/Users/ryu/Projects/private/viewer-for-slack/src/features/Login.ts","statementMap":{"0":{"start":{"line":1,"column":0},"end":{"line":1,"column":89}},"1":{"start":{"line":3,"column":0},"end":{"line":3,"column":40}},"2":{"start":{"line":4,"column":0},"end":{"line":4,"column":81}},"3":{"start":{"line":14,"column":21},"end":{"line":25,"column":1}},"4":{"start":{"line":19,"column":18},"end":{"line":19,"column":70}},"5":{"start":{"line":22,"column":19},"end":{"line":22,"column":59}},"6":{"start":{"line":24,"column":2},"end":{"line":24,"column":35}},"7":{"start":{"line":14,"column":13},"end":{"line":14,"column":21}}},"fnMap":{"0":{"name":"(anonymous_0)","decl":{"start":{"line":14,"column":21},"end":{"line":14,"column":26}},"loc":{"start":{"line":18,"column":28},"end":{"line":25,"column":1}}}},"branchMap":{},"s":{"0":1,"1":1,"2":1,"3":1,"4":1,"5":1,"6":1,"7":1},"f":{"0":1},"b":{}}
,"/Users/ryu/Projects/private/viewer-for-slack/src/features/Member.ts": {"path":"/Users/ryu/Projects/private/viewer-for-slack/src/features/Member.ts","statementMap":{"0":{"start":{"line":1,"column":0},"end":{"line":1,"column":99}},"1":{"start":{"line":3,"column":0},"end":{"line":3,"column":40}},"2":{"start":{"line":4,"column":0},"end":{"line":4,"column":81}},"3":{"start":{"line":13,"column":26},"end":{"line":23,"column":1}},"4":{"start":{"line":17,"column":18},"end":{"line":17,"column":76}},"5":{"start":{"line":20,"column":19},"end":{"line":20,"column":59}},"6":{"start":{"line":22,"column":2},"end":{"line":22,"column":40}},"7":{"start":{"line":13,"column":13},"end":{"line":13,"column":26}}},"fnMap":{"0":{"name":"(anonymous_0)","decl":{"start":{"line":13,"column":26},"end":{"line":13,"column":31}},"loc":{"start":{"line":16,"column":33},"end":{"line":23,"column":1}}}},"branchMap":{},"s":{"0":1,"1":1,"2":1,"3":1,"4":1,"5":1,"6":1,"7":1},"f":{"0":1},"b":{}}
,"/Users/ryu/Projects/private/viewer-for-slack/src/features/RefreshToken.ts": {"path":"/Users/ryu/Projects/private/viewer-for-slack/src/features/RefreshToken.ts","statementMap":{"0":{"start":{"line":1,"column":0},"end":{"line":1,"column":93}},"1":{"start":{"line":3,"column":0},"end":{"line":3,"column":40}},"2":{"start":{"line":4,"column":0},"end":{"line":4,"column":81}},"3":{"start":{"line":14,"column":34},"end":{"line":29,"column":1}},"4":{"start":{"line":19,"column":18},"end":{"line":22,"column":null}},"5":{"start":{"line":26,"column":19},"end":{"line":26,"column":59}},"6":{"start":{"line":28,"column":2},"end":{"line":28,"column":37}},"7":{"start":{"line":14,"column":13},"end":{"line":14,"column":34}}},"fnMap":{"0":{"name":"(anonymous_0)","decl":{"start":{"line":14,"column":34},"end":{"line":14,"column":39}},"loc":{"start":{"line":18,"column":30},"end":{"line":29,"column":1}}}},"branchMap":{},"s":{"0":2,"1":2,"2":2,"3":2,"4":5,"5":5,"6":5,"7":2},"f":{"0":5},"b":{}}
,"/Users/ryu/Projects/private/viewer-for-slack/src/features/Reply.ts": {"path":"/Users/ryu/Projects/private/viewer-for-slack/src/features/Reply.ts","statementMap":{"0":{"start":{"line":1,"column":0},"end":{"line":1,"column":99}},"1":{"start":{"line":3,"column":0},"end":{"line":3,"column":40}},"2":{"start":{"line":4,"column":0},"end":{"line":4,"column":81}},"3":{"start":{"line":15,"column":26},"end":{"line":32,"column":1}},"4":{"start":{"line":21,"column":18},"end":{"line":25,"column":null}},"5":{"start":{"line":29,"column":19},"end":{"line":29,"column":59}},"6":{"start":{"line":31,"column":2},"end":{"line":31,"column":40}},"7":{"start":{"line":15,"column":13},"end":{"line":15,"column":26}}},"fnMap":{"0":{"name":"(anonymous_0)","decl":{"start":{"line":15,"column":26},"end":{"line":15,"column":31}},"loc":{"start":{"line":20,"column":33},"end":{"line":32,"column":1}}}},"branchMap":{},"s":{"0":1,"1":1,"2":1,"3":1,"4":1,"5":1,"6":1,"7":1},"f":{"0":1},"b":{}}
,"/Users/ryu/Projects/private/viewer-for-slack/src/utils/ApiUtil.ts": {"path":"/Users/ryu/Projects/private/viewer-for-slack/src/utils/ApiUtil.ts","statementMap":{"0":{"start":{"line":1,"column":0},"end":{"line":1,"column":26}},"1":{"start":{"line":10,"column":20},"end":{"line":22,"column":1}},"2":{"start":{"line":12,"column":18},"end":{"line":16,"column":4}},"3":{"start":{"line":19,"column":19},"end":{"line":19,"column":58}},"4":{"start":{"line":21,"column":2},"end":{"line":21,"column":23}},"5":{"start":{"line":10,"column":13},"end":{"line":10,"column":20}}},"fnMap":{"0":{"name":"(anonymous_0)","decl":{"start":{"line":10,"column":20},"end":{"line":10,"column":25}},"loc":{"start":{"line":10,"column":59},"end":{"line":22,"column":1}}}},"branchMap":{},"s":{"0":10,"1":10,"2":1,"3":1,"4":1,"5":10},"f":{"0":1},"b":{}}
,"/Users/ryu/Projects/private/viewer-for-slack/src/utils/AuthUtil.ts": {"path":"/Users/ryu/Projects/private/viewer-for-slack/src/utils/AuthUtil.ts","statementMap":{"0":{"start":{"line":1,"column":0},"end":{"line":1,"column":32}},"1":{"start":{"line":2,"column":0},"end":{"line":2,"column":57}},"2":{"start":{"line":3,"column":0},"end":{"line":3,"column":87}},"3":{"start":{"line":6,"column":0},"end":{"line":6,"column":57}},"4":{"start":{"line":14,"column":48},"end":{"line":19,"column":1}},"5":{"start":{"line":15,"column":23},"end":{"line":15,"column":48}},"6":{"start":{"line":18,"column":2},"end":{"line":18,"column":68}},"7":{"start":{"line":14,"column":13},"end":{"line":14,"column":48}},"8":{"start":{"line":27,"column":34},"end":{"line":50,"column":1}},"9":{"start":{"line":31,"column":23},"end":{"line":31,"column":68}},"10":{"start":{"line":34,"column":14},"end":{"line":34,"column":43}},"11":{"start":{"line":37,"column":2},"end":{"line":39,"column":null}},"12":{"start":{"line":38,"column":4},"end":{"line":38,"column":53}},"13":{"start":{"line":42,"column":2},"end":{"line":44,"column":null}},"14":{"start":{"line":43,"column":4},"end":{"line":43,"column":41}},"15":{"start":{"line":47,"column":2},"end":{"line":49,"column":null}},"16":{"start":{"line":48,"column":4},"end":{"line":48,"column":63}},"17":{"start":{"line":27,"column":13},"end":{"line":27,"column":34}},"18":{"start":{"line":63,"column":34},"end":{"line":123,"column":1}},"19":{"start":{"line":72,"column":2},"end":{"line":117,"column":null}},"20":{"start":{"line":73,"column":4},"end":{"line":73,"column":45}},"21":{"start":{"line":76,"column":4},"end":{"line":81,"column":null}},"22":{"start":{"line":77,"column":6},"end":{"line":77,"column":48}},"23":{"start":{"line":80,"column":6},"end":{"line":80,"column":41}},"24":{"start":{"line":85,"column":4},"end":{"line":96,"column":null}},"25":{"start":{"line":86,"column":6},"end":{"line":90,"column":8}},"26":{"start":{"line":93,"column":6},"end":{"line":93,"column":51}},"27":{"start":{"line":94,"column":6},"end":{"line":94,"column":23}},"28":{"start":{"line":95,"column":6},"end":{"line":95,"column":41}},"29":{"start":{"line":99,"column":4},"end":{"line":102,"column":null}},"30":{"start":{"line":100,"column":6},"end":{"line":100,"column":48}},"31":{"start":{"line":101,"column":6},"end":{"line":101,"column":41}},"32":{"start":{"line":105,"column":4},"end":{"line":111,"column":null}},"33":{"start":{"line":106,"column":6},"end":{"line":106,"column":62}},"34":{"start":{"line":109,"column":6},"end":{"line":109,"column":23}},"35":{"start":{"line":110,"column":6},"end":{"line":110,"column":41}},"36":{"start":{"line":113,"column":4},"end":{"line":116,"column":6}},"37":{"start":{"line":120,"column":2},"end":{"line":122,"column":4}},"38":{"start":{"line":63,"column":13},"end":{"line":63,"column":34}},"39":{"start":{"line":130,"column":36},"end":{"line":137,"column":1}},"40":{"start":{"line":131,"column":22},"end":{"line":131,"column":32}},"41":{"start":{"line":132,"column":26},"end":{"line":132,"column":54}},"42":{"start":{"line":134,"column":2},"end":{"line":136,"column":null}},"43":{"start":{"line":135,"column":4},"end":{"line":135,"column":48}},"44":{"start":{"line":130,"column":13},"end":{"line":130,"column":36}}},"fnMap":{"0":{"name":"(anonymous_0)","decl":{"start":{"line":14,"column":48},"end":{"line":14,"column":49}},"loc":{"start":{"line":14,"column":77},"end":{"line":19,"column":1}}},"1":{"name":"(anonymous_1)","decl":{"start":{"line":27,"column":34},"end":{"line":27,"column":null}},"loc":{"start":{"line":30,"column":10},"end":{"line":50,"column":1}}},"2":{"name":"(anonymous_2)","decl":{"start":{"line":63,"column":34},"end":{"line":63,"column":39}},"loc":{"start":{"line":70,"column":33},"end":{"line":123,"column":1}}},"3":{"name":"(anonymous_3)","decl":{"start":{"line":130,"column":36},"end":{"line":130,"column":37}},"loc":{"start":{"line":130,"column":61},"end":{"line":137,"column":1}}}},"branchMap":{"0":{"loc":{"start":{"line":37,"column":2},"end":{"line":39,"column":null}},"type":"if","locations":[{"start":{"line":37,"column":2},"end":{"line":39,"column":null}}]},"1":{"loc":{"start":{"line":42,"column":2},"end":{"line":44,"column":null}},"type":"if","locations":[{"start":{"line":42,"column":2},"end":{"line":44,"column":null}}]},"2":{"loc":{"start":{"line":47,"column":2},"end":{"line":49,"column":null}},"type":"if","locations":[{"start":{"line":47,"column":2},"end":{"line":49,"column":null}}]},"3":{"loc":{"start":{"line":99,"column":4},"end":{"line":102,"column":null}},"type":"if","locations":[{"start":{"line":99,"column":4},"end":{"line":102,"column":null}}]},"4":{"loc":{"start":{"line":134,"column":2},"end":{"line":136,"column":null}},"type":"if","locations":[{"start":{"line":134,"column":2},"end":{"line":136,"column":null}}]}},"s":{"0":1,"1":1,"2":1,"3":1,"4":1,"5":7,"6":7,"7":1,"8":1,"9":6,"10":6,"11":6,"12":1,"13":5,"14":1,"15":4,"16":2,"17":1,"18":1,"19":6,"20":6,"21":5,"22":5,"23":1,"24":4,"25":4,"26":0,"27":0,"28":0,"29":4,"30":2,"31":2,"32":2,"33":2,"34":1,"35":1,"36":1,"37":1,"38":1,"39":1,"40":11,"41":11,"42":11,"43":6,"44":1},"f":{"0":7,"1":6,"2":6,"3":11},"b":{"0":[1],"1":[1],"2":[2],"3":[2],"4":[6]}}
,"/Users/ryu/Projects/private/viewer-for-slack/src/utils/DateTimeUtil.ts": {"path":"/Users/ryu/Projects/private/viewer-for-slack/src/utils/DateTimeUtil.ts","statementMap":{"0":{"start":{"line":1,"column":0},"end":{"line":1,"column":57}},"1":{"start":{"line":9,"column":32},"end":{"line":23,"column":1}},"2":{"start":{"line":10,"column":15},"end":{"line":10,"column":42}},"3":{"start":{"line":12,"column":2},"end":{"line":22,"column":4}},"4":{"start":{"line":9,"column":13},"end":{"line":9,"column":32}},"5":{"start":{"line":30,"column":36},"end":{"line":37,"column":1}},"6":{"start":{"line":31,"column":22},"end":{"line":31,"column":32}},"7":{"start":{"line":32,"column":26},"end":{"line":32,"column":54}},"8":{"start":{"line":34,"column":2},"end":{"line":36,"column":null}},"9":{"start":{"line":35,"column":4},"end":{"line":35,"column":48}},"10":{"start":{"line":30,"column":13},"end":{"line":30,"column":36}},"11":{"start":{"line":46,"column":20},"end":{"line":48,"column":1}},"12":{"start":{"line":47,"column":2},"end":{"line":47,"column":80}}},"fnMap":{"0":{"name":"(anonymous_0)","decl":{"start":{"line":9,"column":32},"end":{"line":9,"column":33}},"loc":{"start":{"line":9,"column":47},"end":{"line":23,"column":1}}},"1":{"name":"(anonymous_1)","decl":{"start":{"line":30,"column":36},"end":{"line":30,"column":37}},"loc":{"start":{"line":30,"column":61},"end":{"line":37,"column":1}}},"2":{"name":"(anonymous_2)","decl":{"start":{"line":46,"column":20},"end":{"line":46,"column":21}},"loc":{"start":{"line":46,"column":59},"end":{"line":48,"column":1}}}},"branchMap":{"0":{"loc":{"start":{"line":34,"column":2},"end":{"line":36,"column":null}},"type":"if","locations":[{"start":{"line":34,"column":2},"end":{"line":36,"column":null}}]}},"s":{"0":1,"1":1,"2":1,"3":1,"4":1,"5":1,"6":3,"7":3,"8":3,"9":2,"10":1,"11":1,"12":2},"f":{"0":1,"1":3,"2":2},"b":{"0":[2]}}
,"/Users/ryu/Projects/private/viewer-for-slack/src/utils/StringUtil.ts": {"path":"/Users/ryu/Projects/private/viewer-for-slack/src/utils/StringUtil.ts","statementMap":{"0":{"start":{"line":2,"column":0},"end":{"line":2,"column":49}},"1":{"start":{"line":10,"column":29},"end":{"line":19,"column":1}},"2":{"start":{"line":11,"column":23},"end":{"line":11,"column":25}},"3":{"start":{"line":12,"column":2},"end":{"line":12,"column":32}},"4":{"start":{"line":13,"column":2},"end":{"line":13,"column":29}},"5":{"start":{"line":14,"column":2},"end":{"line":14,"column":32}},"6":{"start":{"line":15,"column":2},"end":{"line":15,"column":36}},"7":{"start":{"line":16,"column":2},"end":{"line":16,"column":31}},"8":{"start":{"line":18,"column":2},"end":{"line":18,"column":16}},"9":{"start":{"line":10,"column":13},"end":{"line":10,"column":29}},"10":{"start":{"line":27,"column":30},"end":{"line":68,"column":1}},"11":{"start":{"line":29,"column":16},"end":{"line":29,"column":79}},"12":{"start":{"line":30,"column":18},"end":{"line":30,"column":35}},"13":{"start":{"line":31,"column":25},"end":{"line":31,"column":27}},"14":{"start":{"line":33,"column":2},"end":{"line":65,"column":null}},"15":{"start":{"line":34,"column":21},"end":{"line":34,"column":22}},"16":{"start":{"line":36,"column":4},"end":{"line":54,"column":7}},"17":{"start":{"line":37,"column":25},"end":{"line":37,"column":40}},"18":{"start":{"line":40,"column":6},"end":{"line":45,"column":null}},"19":{"start":{"line":41,"column":8},"end":{"line":44,"column":11}},"20":{"start":{"line":48,"column":6},"end":{"line":51,"column":9}},"21":{"start":{"line":53,"column":6},"end":{"line":53,"column":41}},"22":{"start":{"line":57,"column":4},"end":{"line":62,"column":null}},"23":{"start":{"line":58,"column":6},"end":{"line":61,"column":9}},"24":{"start":{"line":64,"column":4},"end":{"line":64,"column":53}},"25":{"start":{"line":67,"column":2},"end":{"line":67,"column":16}},"26":{"start":{"line":27,"column":13},"end":{"line":27,"column":30}},"27":{"start":{"line":76,"column":25},"end":{"line":127,"column":1}},"28":{"start":{"line":78,"column":16},"end":{"line":78,"column":75}},"29":{"start":{"line":79,"column":25},"end":{"line":79,"column":27}},"30":{"start":{"line":81,"column":2},"end":{"line":124,"column":5}},"31":{"start":{"line":83,"column":4},"end":{"line":86,"column":null}},"32":{"start":{"line":84,"column":6},"end":{"line":84,"column":21}},"33":{"start":{"line":85,"column":6},"end":{"line":85,"column":13}},"34":{"start":{"line":88,"column":20},"end":{"line":88,"column":39}},"35":{"start":{"line":90,"column":4},"end":{"line":123,"column":null}},"36":{"start":{"line":91,"column":23},"end":{"line":91,"column":24}},"37":{"start":{"line":93,"column":6},"end":{"line":112,"column":9}},"38":{"start":{"line":94,"column":27},"end":{"line":94,"column":55}},"39":{"start":{"line":95,"column":27},"end":{"line":95,"column":48}},"40":{"start":{"line":98,"column":8},"end":{"line":103,"column":null}},"41":{"start":{"line":99,"column":10},"end":{"line":102,"column":13}},"42":{"start":{"line":106,"column":8},"end":{"line":109,"column":11}},"43":{"start":{"line":111,"column":8},"end":{"line":111,"column":56}},"44":{"start":{"line":115,"column":6},"end":{"line":120,"column":null}},"45":{"start":{"line":116,"column":8},"end":{"line":119,"column":11}},"46":{"start":{"line":122,"column":6},"end":{"line":122,"column":21}},"47":{"start":{"line":126,"column":2},"end":{"line":126,"column":16}},"48":{"start":{"line":76,"column":13},"end":{"line":76,"column":25}},"49":{"start":{"line":135,"column":28},"end":{"line":183,"column":1}},"50":{"start":{"line":136,"column":23},"end":{"line":136,"column":25}},"51":{"start":{"line":138,"column":2},"end":{"line":180,"column":5}},"52":{"start":{"line":140,"column":4},"end":{"line":143,"column":null}},"53":{"start":{"line":141,"column":6},"end":{"line":141,"column":21}},"54":{"start":{"line":142,"column":6},"end":{"line":142,"column":13}},"55":{"start":{"line":146,"column":18},"end":{"line":146,"column":52}},"56":{"start":{"line":147,"column":20},"end":{"line":147,"column":39}},"57":{"start":{"line":149,"column":4},"end":{"line":179,"column":null}},"58":{"start":{"line":150,"column":23},"end":{"line":150,"column":24}},"59":{"start":{"line":152,"column":6},"end":{"line":168,"column":9}},"60":{"start":{"line":153,"column":27},"end":{"line":153,"column":55}},"61":{"start":{"line":154,"column":27},"end":{"line":154,"column":48}},"62":{"start":{"line":157,"column":8},"end":{"line":162,"column":null}},"63":{"start":{"line":158,"column":10},"end":{"line":161,"column":13}},"64":{"start":{"line":165,"column":8},"end":{"line":165,"column":61}},"65":{"start":{"line":167,"column":8},"end":{"line":167,"column":56}},"66":{"start":{"line":171,"column":6},"end":{"line":176,"column":null}},"67":{"start":{"line":172,"column":8},"end":{"line":175,"column":11}},"68":{"start":{"line":178,"column":6},"end":{"line":178,"column":21}},"69":{"start":{"line":182,"column":2},"end":{"line":182,"column":16}},"70":{"start":{"line":135,"column":13},"end":{"line":135,"column":28}},"71":{"start":{"line":191,"column":32},"end":{"line":231,"column":1}},"72":{"start":{"line":192,"column":23},"end":{"line":192,"column":25}},"73":{"start":{"line":194,"column":2},"end":{"line":228,"column":5}},"74":{"start":{"line":196,"column":4},"end":{"line":199,"column":null}},"75":{"start":{"line":197,"column":6},"end":{"line":197,"column":21}},"76":{"start":{"line":198,"column":6},"end":{"line":198,"column":13}},"77":{"start":{"line":202,"column":4},"end":{"line":206,"column":29}},"78":{"start":{"line":209,"column":4},"end":{"line":209,"column":54}},"79":{"start":{"line":213,"column":4},"end":{"line":215,"column":null}},"80":{"start":{"line":214,"column":6},"end":{"line":214,"column":35}},"81":{"start":{"line":216,"column":4},"end":{"line":218,"column":null}},"82":{"start":{"line":217,"column":6},"end":{"line":217,"column":54}},"83":{"start":{"line":220,"column":4},"end":{"line":222,"column":null}},"84":{"start":{"line":221,"column":6},"end":{"line":221,"column":35}},"85":{"start":{"line":223,"column":4},"end":{"line":225,"column":null}},"86":{"start":{"line":224,"column":6},"end":{"line":224,"column":54}},"87":{"start":{"line":227,"column":4},"end":{"line":227,"column":19}},"88":{"start":{"line":230,"column":2},"end":{"line":230,"column":16}},"89":{"start":{"line":191,"column":13},"end":{"line":191,"column":32}},"90":{"start":{"line":239,"column":27},"end":{"line":276,"column":1}},"91":{"start":{"line":240,"column":23},"end":{"line":240,"column":25}},"92":{"start":{"line":242,"column":2},"end":{"line":273,"column":5}},"93":{"start":{"line":244,"column":4},"end":{"line":247,"column":null}},"94":{"start":{"line":245,"column":6},"end":{"line":245,"column":21}},"95":{"start":{"line":246,"column":6},"end":{"line":246,"column":13}},"96":{"start":{"line":250,"column":21},"end":{"line":251,"column":null}},"97":{"start":{"line":254,"column":23},"end":{"line":254,"column":29}},"98":{"start":{"line":256,"column":4},"end":{"line":270,"column":7}},"99":{"start":{"line":258,"column":25},"end":{"line":259,"column":null}},"100":{"start":{"line":263,"column":6},"end":{"line":263,"column":66}},"101":{"start":{"line":266,"column":6},"end":{"line":269,"column":8}},"102":{"start":{"line":272,"column":4},"end":{"line":272,"column":62}},"103":{"start":{"line":275,"column":2},"end":{"line":275,"column":16}},"104":{"start":{"line":239,"column":13},"end":{"line":239,"column":27}}},"fnMap":{"0":{"name":"(anonymous_0)","decl":{"start":{"line":10,"column":29},"end":{"line":10,"column":30}},"loc":{"start":{"line":10,"column":54},"end":{"line":19,"column":1}}},"1":{"name":"(anonymous_1)","decl":{"start":{"line":27,"column":30},"end":{"line":27,"column":31}},"loc":{"start":{"line":27,"column":55},"end":{"line":68,"column":1}}},"2":{"name":"(anonymous_2)","decl":{"start":{"line":36,"column":20},"end":{"line":36,"column":21}},"loc":{"start":{"line":36,"column":26},"end":{"line":54,"column":5}}},"3":{"name":"(anonymous_3)","decl":{"start":{"line":76,"column":25},"end":{"line":76,"column":26}},"loc":{"start":{"line":76,"column":51},"end":{"line":127,"column":1}}},"4":{"name":"(anonymous_4)","decl":{"start":{"line":81,"column":16},"end":{"line":81,"column":17}},"loc":{"start":{"line":81,"column":22},"end":{"line":124,"column":3}}},"5":{"name":"(anonymous_5)","decl":{"start":{"line":93,"column":22},"end":{"line":93,"column":23}},"loc":{"start":{"line":93,"column":28},"end":{"line":112,"column":7}}},"6":{"name":"(anonymous_6)","decl":{"start":{"line":135,"column":28},"end":{"line":135,"column":29}},"loc":{"start":{"line":135,"column":54},"end":{"line":183,"column":1}}},"7":{"name":"(anonymous_7)","decl":{"start":{"line":138,"column":16},"end":{"line":138,"column":17}},"loc":{"start":{"line":138,"column":22},"end":{"line":180,"column":3}}},"8":{"name":"(anonymous_8)","decl":{"start":{"line":152,"column":22},"end":{"line":152,"column":23}},"loc":{"start":{"line":152,"column":28},"end":{"line":168,"column":7}}},"9":{"name":"(anonymous_9)","decl":{"start":{"line":191,"column":32},"end":{"line":191,"column":33}},"loc":{"start":{"line":191,"column":58},"end":{"line":231,"column":1}}},"10":{"name":"(anonymous_10)","decl":{"start":{"line":194,"column":16},"end":{"line":194,"column":17}},"loc":{"start":{"line":194,"column":22},"end":{"line":228,"column":3}}},"11":{"name":"(anonymous_11)","decl":{"start":{"line":239,"column":27},"end":{"line":239,"column":28}},"loc":{"start":{"line":239,"column":53},"end":{"line":276,"column":1}}},"12":{"name":"(anonymous_12)","decl":{"start":{"line":242,"column":16},"end":{"line":242,"column":17}},"loc":{"start":{"line":242,"column":22},"end":{"line":273,"column":3}}},"13":{"name":"(anonymous_13)","decl":{"start":{"line":256,"column":24},"end":{"line":256,"column":25}},"loc":{"start":{"line":256,"column":32},"end":{"line":270,"column":5}}}},"branchMap":{"0":{"loc":{"start":{"line":33,"column":2},"end":{"line":65,"column":null}},"type":"if","locations":[{"start":{"line":33,"column":2},"end":{"line":65,"column":null}},{"start":{"line":63,"column":9},"end":{"line":65,"column":null}}]},"1":{"loc":{"start":{"line":40,"column":6},"end":{"line":45,"column":null}},"type":"if","locations":[{"start":{"line":40,"column":6},"end":{"line":45,"column":null}}]},"2":{"loc":{"start":{"line":57,"column":4},"end":{"line":62,"column":null}},"type":"if","locations":[{"start":{"line":57,"column":4},"end":{"line":62,"column":null}}]},"3":{"loc":{"start":{"line":83,"column":4},"end":{"line":86,"column":null}},"type":"if","locations":[{"start":{"line":83,"column":4},"end":{"line":86,"column":null}}]},"4":{"loc":{"start":{"line":90,"column":4},"end":{"line":123,"column":null}},"type":"if","locations":[{"start":{"line":90,"column":4},"end":{"line":123,"column":null}},{"start":{"line":121,"column":11},"end":{"line":123,"column":null}}]},"5":{"loc":{"start":{"line":98,"column":8},"end":{"line":103,"column":null}},"type":"if","locations":[{"start":{"line":98,"column":8},"end":{"line":103,"column":null}}]},"6":{"loc":{"start":{"line":115,"column":6},"end":{"line":120,"column":null}},"type":"if","locations":[{"start":{"line":115,"column":6},"end":{"line":120,"column":null}}]},"7":{"loc":{"start":{"line":140,"column":4},"end":{"line":143,"column":null}},"type":"if","locations":[{"start":{"line":140,"column":4},"end":{"line":143,"column":null}}]},"8":{"loc":{"start":{"line":149,"column":4},"end":{"line":179,"column":null}},"type":"if","locations":[{"start":{"line":149,"column":4},"end":{"line":179,"column":null}},{"start":{"line":177,"column":11},"end":{"line":179,"column":null}}]},"9":{"loc":{"start":{"line":157,"column":8},"end":{"line":162,"column":null}},"type":"if","locations":[{"start":{"line":157,"column":8},"end":{"line":162,"column":null}}]},"10":{"loc":{"start":{"line":171,"column":6},"end":{"line":176,"column":null}},"type":"if","locations":[{"start":{"line":171,"column":6},"end":{"line":176,"column":null}}]},"11":{"loc":{"start":{"line":196,"column":4},"end":{"line":199,"column":null}},"type":"if","locations":[{"start":{"line":196,"column":4},"end":{"line":199,"column":null}}]},"12":{"loc":{"start":{"line":213,"column":4},"end":{"line":215,"column":null}},"type":"if","locations":[{"start":{"line":213,"column":4},"end":{"line":215,"column":null}}]},"13":{"loc":{"start":{"line":216,"column":4},"end":{"line":218,"column":null}},"type":"if","locations":[{"start":{"line":216,"column":4},"end":{"line":218,"column":null}}]},"14":{"loc":{"start":{"line":220,"column":4},"end":{"line":222,"column":null}},"type":"if","locations":[{"start":{"line":220,"column":4},"end":{"line":222,"column":null}}]},"15":{"loc":{"start":{"line":223,"column":4},"end":{"line":225,"column":null}},"type":"if","locations":[{"start":{"line":223,"column":4},"end":{"line":225,"column":null}}]},"16":{"loc":{"start":{"line":244,"column":4},"end":{"line":247,"column":null}},"type":"if","locations":[{"start":{"line":244,"column":4},"end":{"line":247,"column":null}}]}},"s":{"0":1,"1":1,"2":1,"3":1,"4":1,"5":1,"6":1,"7":1,"8":1,"9":1,"10":1,"11":4,"12":4,"13":4,"14":4,"15":3,"16":3,"17":4,"18":4,"19":4,"20":4,"21":4,"22":3,"23":2,"24":1,"25":4,"26":1,"27":1,"28":2,"29":2,"30":2,"31":5,"32":1,"33":1,"34":4,"35":4,"36":1,"37":1,"38":2,"39":2,"40":2,"41":2,"42":2,"43":2,"44":1,"45":1,"46":3,"47":2,"48":1,"49":1,"50":2,"51":2,"52":6,"53":2,"54":2,"55":4,"56":4,"57":4,"58":2,"59":2,"60":6,"61":6,"62":6,"63":5,"64":6,"65":6,"66":2,"67":2,"68":2,"69":2,"70":1,"71":1,"72":2,"73":2,"74":12,"75":4,"76":4,"77":8,"78":8,"79":8,"80":1,"81":8,"82":1,"83":8,"84":1,"85":8,"86":1,"87":8,"88":2,"89":1,"90":1,"91":2,"92":2,"93":8,"94":4,"95":4,"96":4,"97":4,"98":4,"99":3,"100":3,"101":3,"102":4,"103":2,"104":1},"f":{"0":1,"1":4,"2":4,"3":2,"4":5,"5":2,"6":2,"7":6,"8":6,"9":2,"10":12,"11":2,"12":8,"13":3},"b":{"0":[3,1],"1":[4],"2":[2],"3":[1],"4":[1,3],"5":[2],"6":[1],"7":[2],"8":[2,2],"9":[5],"10":[2],"11":[4],"12":[1],"13":[1],"14":[1],"15":[1],"16":[4]}}
}
