TN:
SF:src/constants/ErrorMessage.ts
FNF:0
FNH:0
DA:1,2
LF:1
LH:1
BRF:0
BRH:0
end_of_record
TN:
SF:src/constants/TextType.ts
FNF:0
FNH:0
DA:4,1
LF:1
LH:1
BRF:0
BRH:0
end_of_record
TN:
SF:src/features/Blob.ts
FN:16,(anonymous_0)
FNF:1
FNH:1
FNDA:1,(anonymous_0)
DA:1,1
DA:3,1
DA:4,1
DA:16,1
DA:23,1
DA:32,1
DA:34,1
LF:7
LH:7
BRF:0
BRH:0
end_of_record
TN:
SF:src/features/Channel.ts
FN:13,(anonymous_0)
FNF:1
FNH:1
FNDA:1,(anonymous_0)
DA:1,1
DA:3,1
DA:4,1
DA:13,1
DA:18,1
DA:25,1
DA:27,1
LF:7
LH:7
BRF:0
BRH:0
end_of_record
TN:
SF:src/features/Credential.ts
FN:17,(anonymous_0)
FN:46,(anonymous_1)
FNF:2
FNH:2
FNDA:1,(anonymous_0)
FNDA:1,(anonymous_1)
DA:1,1
DA:17,1
DA:28,1
DA:46,1
DA:47,1
LF:5
LH:5
BRF:0
BRH:0
end_of_record
TN:
SF:src/features/InitializeUser.ts
FN:15,(anonymous_0)
FN:37,(anonymous_1)
FNF:2
FNH:2
FNDA:2,(anonymous_0)
FNDA:2,(anonymous_1)
DA:1,2
DA:2,2
DA:5,2
DA:6,2
DA:15,2
DA:19,2
DA:22,2
DA:24,2
DA:37,2
DA:44,2
DA:53,2
DA:55,2
LF:12
LH:12
BRF:0
BRH:0
end_of_record
TN:
SF:src/features/Login.ts
FN:14,(anonymous_0)
FNF:1
FNH:1
FNDA:1,(anonymous_0)
DA:1,1
DA:3,1
DA:4,1
DA:14,1
DA:19,1
DA:22,1
DA:24,1
LF:7
LH:7
BRF:0
BRH:0
end_of_record
TN:
SF:src/features/Member.ts
FN:13,(anonymous_0)
FNF:1
FNH:1
FNDA:1,(anonymous_0)
DA:1,1
DA:3,1
DA:4,1
DA:13,1
DA:17,1
DA:20,1
DA:22,1
LF:7
LH:7
BRF:0
BRH:0
end_of_record
TN:
SF:src/features/RefreshToken.ts
FN:14,(anonymous_0)
FNF:1
FNH:1
FNDA:5,(anonymous_0)
DA:1,2
DA:3,2
DA:4,2
DA:14,2
DA:19,5
DA:26,5
DA:28,5
LF:7
LH:7
BRF:0
BRH:0
end_of_record
TN:
SF:src/features/Reply.ts
FN:15,(anonymous_0)
FNF:1
FNH:1
FNDA:1,(anonymous_0)
DA:1,1
DA:3,1
DA:4,1
DA:15,1
DA:21,1
DA:29,1
DA:31,1
LF:7
LH:7
BRF:0
BRH:0
end_of_record
TN:
SF:src/utils/ApiUtil.ts
FN:10,(anonymous_0)
FNF:1
FNH:1
FNDA:1,(anonymous_0)
DA:1,10
DA:10,10
DA:12,1
DA:19,1
DA:21,1
LF:5
LH:5
BRF:0
BRH:0
end_of_record
TN:
SF:src/utils/AuthUtil.ts
FN:14,(anonymous_0)
FN:27,(anonymous_1)
FN:63,(anonymous_2)
FN:130,(anonymous_3)
FNF:4
FNH:4
FNDA:7,(anonymous_0)
FNDA:6,(anonymous_1)
FNDA:6,(anonymous_2)
FNDA:11,(anonymous_3)
DA:1,1
DA:2,1
DA:3,1
DA:6,1
DA:14,1
DA:15,7
DA:18,7
DA:27,1
DA:31,6
DA:34,6
DA:37,6
DA:38,1
DA:42,5
DA:43,1
DA:47,4
DA:48,2
DA:63,1
DA:72,6
DA:73,6
DA:76,5
DA:77,5
DA:80,1
DA:85,4
DA:86,4
DA:93,0
DA:94,0
DA:95,0
DA:99,4
DA:100,2
DA:101,2
DA:105,2
DA:106,2
DA:109,1
DA:110,1
DA:113,1
DA:120,1
DA:130,1
DA:131,11
DA:132,11
DA:134,11
DA:135,6
LF:41
LH:38
BRDA:37,0,0,1
BRDA:42,1,0,1
BRDA:47,2,0,2
BRDA:99,3,0,2
BRDA:134,4,0,6
BRF:5
BRH:5
end_of_record
TN:
SF:src/utils/DateTimeUtil.ts
FN:9,(anonymous_0)
FN:30,(anonymous_1)
FN:46,(anonymous_2)
FNF:3
FNH:3
FNDA:1,(anonymous_0)
FNDA:3,(anonymous_1)
FNDA:2,(anonymous_2)
DA:1,1
DA:9,1
DA:10,1
DA:12,1
DA:30,1
DA:31,3
DA:32,3
DA:34,3
DA:35,2
DA:46,1
DA:47,2
LF:11
LH:11
BRDA:34,0,0,2
BRF:1
BRH:1
end_of_record
TN:
SF:src/utils/StringUtil.ts
FN:10,(anonymous_0)
FN:27,(anonymous_1)
FN:36,(anonymous_2)
FN:76,(anonymous_3)
FN:81,(anonymous_4)
FN:93,(anonymous_5)
FN:135,(anonymous_6)
FN:138,(anonymous_7)
FN:152,(anonymous_8)
FN:191,(anonymous_9)
FN:194,(anonymous_10)
FN:239,(anonymous_11)
FN:242,(anonymous_12)
FN:256,(anonymous_13)
FNF:14
FNH:14
FNDA:1,(anonymous_0)
FNDA:4,(anonymous_1)
FNDA:4,(anonymous_2)
FNDA:2,(anonymous_3)
FNDA:5,(anonymous_4)
FNDA:2,(anonymous_5)
FNDA:2,(anonymous_6)
FNDA:6,(anonymous_7)
FNDA:6,(anonymous_8)
FNDA:2,(anonymous_9)
FNDA:12,(anonymous_10)
FNDA:2,(anonymous_11)
FNDA:8,(anonymous_12)
FNDA:3,(anonymous_13)
DA:2,1
DA:10,1
DA:11,1
DA:12,1
DA:13,1
DA:14,1
DA:15,1
DA:16,1
DA:18,1
DA:27,1
DA:29,4
DA:30,4
DA:31,4
DA:33,4
DA:34,3
DA:36,3
DA:37,4
DA:40,4
DA:41,4
DA:48,4
DA:53,4
DA:57,3
DA:58,2
DA:64,1
DA:67,4
DA:76,1
DA:78,2
DA:79,2
DA:81,2
DA:83,5
DA:84,1
DA:85,1
DA:88,4
DA:90,4
DA:91,1
DA:93,1
DA:94,2
DA:95,2
DA:98,2
DA:99,2
DA:106,2
DA:111,2
DA:115,1
DA:116,1
DA:122,3
DA:126,2
DA:135,1
DA:136,2
DA:138,2
DA:140,6
DA:141,2
DA:142,2
DA:146,4
DA:147,4
DA:149,4
DA:150,2
DA:152,2
DA:153,6
DA:154,6
DA:157,6
DA:158,5
DA:165,6
DA:167,6
DA:171,2
DA:172,2
DA:178,2
DA:182,2
DA:191,1
DA:192,2
DA:194,2
DA:196,12
DA:197,4
DA:198,4
DA:202,8
DA:209,8
DA:213,8
DA:214,1
DA:216,8
DA:217,1
DA:220,8
DA:221,1
DA:223,8
DA:224,1
DA:227,8
DA:230,2
DA:239,1
DA:240,2
DA:242,2
DA:244,8
DA:245,4
DA:246,4
DA:250,4
DA:254,4
DA:256,4
DA:258,3
DA:263,3
DA:266,3
DA:272,4
DA:275,2
LF:99
LH:99
BRDA:33,0,0,3
BRDA:33,0,1,1
BRDA:40,1,0,4
BRDA:57,2,0,2
BRDA:83,3,0,1
BRDA:90,4,0,1
BRDA:90,4,1,3
BRDA:98,5,0,2
BRDA:115,6,0,1
BRDA:140,7,0,2
BRDA:149,8,0,2
BRDA:149,8,1,2
BRDA:157,9,0,5
BRDA:171,10,0,2
BRDA:196,11,0,4
BRDA:213,12,0,1
BRDA:216,13,0,1
BRDA:220,14,0,1
BRDA:223,15,0,1
BRDA:244,16,0,4
BRF:20
BRH:20
end_of_record
